<?xml version="1.0" encoding="UTF-8"?>
<testng-results ignored="0" total="1" passed="1" failed="0" skipped="0">
  <reporter-output>
  </reporter-output>
  <suite started-at="2021-08-19T10:07:36Z" name="My suite" finished-at="2021-08-19T10:07:57Z" duration-ms="20239">
    <groups>
    </groups>
    <test started-at="2021-08-19T10:07:36Z" name="Test1" finished-at="2021-08-19T10:07:57Z" duration-ms="20239">
      <class name="com.tests.ShoppingCart">
        <test-method is-config="true" signature="ShoppingCart()[pri:0, instance:com.tests.ShoppingCart@fd07cbb]" started-at="2021-08-19T10:07:36Z" name="ShoppingCart" finished-at="2021-08-19T10:07:39Z" duration-ms="2363" status="PASS">
          <reporter-output>
          </reporter-output>
        </test-method> <!-- ShoppingCart -->
        <test-method signature="ShoppingCartCheckTabs()[pri:1, instance:com.tests.ShoppingCart@fd07cbb]" started-at="2021-08-19T10:07:39Z" name="ShoppingCartCheckTabs" finished-at="2021-08-19T10:07:57Z" duration-ms="17860" status="PASS">
          <reporter-output>
          </reporter-output>
        </test-method> <!-- ShoppingCartCheckTabs -->
      </class> <!-- com.tests.ShoppingCart -->
    </test> <!-- Test1 -->
  </suite> <!-- My suite -->
</testng-results>
